
-----------------------------------------------------------------------------------
TimeZone: America/New_York
2017-11-07 13:47:31
* Hostname localhost was found in DNS cache
*   Trying 127.0.0.1...
* Connected to localhost (127.0.0.1) port 8080 (#0)
* Server auth using Basic with user 'admin'
> POST /geoserver/rest/workspaces/Canola/coveragestores/Riskmap1510080447/coverages HTTP/1.1
Host: localhost:8080
Authorization: Basic YWRtaW46Z2Vvc2VydmVy
Accept: */*
Content-type: application/xml
Content-Length: 123

* upload completely sent off: 123 out of 123 bytes
< HTTP/1.1 201 
< Date: Tue, 07 Nov 2017 18:47:31 GMT
< Location: http://localhost:8080/geoserver/rest/workspaces/Canola/coveragestores/Riskmap1510080447/coverages/Riskmap1510080447
< Server: Noelios-Restlet-Engine/1.0..8
< Transfer-Encoding: chunked
< 
* Connection #0 to host localhost left intact
# Successful cURL request to http://localhost:8080/geoserver/rest/workspaces/Canola/coveragestores/Riskmap1510080447/coverages

-----------------------------------------------------------------------------------
* Hostname localhost was found in DNS cache
*   Trying 127.0.0.1...
* Connected to localhost (127.0.0.1) port 8080 (#0)
* Server auth using Basic with user 'admin'
> PUT /geoserver/rest/layers/Canola:Riskmap1510080447 HTTP/1.1
Host: localhost:8080
Authorization: Basic YWRtaW46Z2Vvc2VydmVy
Accept: */*
Content-type: application/xml
Content-Length: 87

* upload completely sent off: 87 out of 87 bytes
< HTTP/1.1 200 
< Date: Tue, 07 Nov 2017 18:47:31 GMT
< Server: Noelios-Restlet-Engine/1.0..8
< Transfer-Encoding: chunked
< 
* Connection #0 to host localhost left intact
# Successful cURL request to http://localhost:8080/geoserver/rest/layers/Canola:Riskmap1510080447

-----------------------------------------------------------------------------------
TimeZone: America/New_York
2017-11-07 14:10:53
*   Trying 127.0.0.1...
* Connected to localhost (127.0.0.1) port 8080 (#0)
* Server auth using Basic with user 'admin'
> POST /geoserver/rest/workspaces/Canola/coveragestores?configure=all HTTP/1.1
Host: localhost:8080
Authorization: Basic YWRtaW46Z2Vvc2VydmVy
Accept: */*
Content-type: application/xml
Content-Length: 224

* upload completely sent off: 224 out of 224 bytes
< HTTP/1.1 201 
< Date: Tue, 07 Nov 2017 19:10:53 GMT
< Location: http://localhost:8080/geoserver/rest/workspaces/Canola/coveragestores/Riskmap1510081840
< Server: Noelios-Restlet-Engine/1.0..8
< Transfer-Encoding: chunked
< 
* Connection #0 to host localhost left intact
# Successful cURL request to http://localhost:8080/geoserver/rest/workspaces/Canola/coveragestores?configure=all

-----------------------------------------------------------------------------------
TimeZone: America/New_York
2017-11-07 14:10:53
* Hostname localhost was found in DNS cache
*   Trying 127.0.0.1...
* Connected to localhost (127.0.0.1) port 8080 (#0)
* Server auth using Basic with user 'admin'
> POST /geoserver/rest/workspaces/Canola/coveragestores/Riskmap1510081840/coverages HTTP/1.1
Host: localhost:8080
Authorization: Basic YWRtaW46Z2Vvc2VydmVy
Accept: */*
Content-type: application/xml
Content-Length: 123

* upload completely sent off: 123 out of 123 bytes
< HTTP/1.1 201 
< Date: Tue, 07 Nov 2017 19:10:54 GMT
< Location: http://localhost:8080/geoserver/rest/workspaces/Canola/coveragestores/Riskmap1510081840/coverages/Riskmap1510081840
< Server: Noelios-Restlet-Engine/1.0..8
< Transfer-Encoding: chunked
< 
* Connection #0 to host localhost left intact
# Successful cURL request to http://localhost:8080/geoserver/rest/workspaces/Canola/coveragestores/Riskmap1510081840/coverages

-----------------------------------------------------------------------------------
* Hostname localhost was found in DNS cache
*   Trying 127.0.0.1...
* Connected to localhost (127.0.0.1) port 8080 (#0)
* Server auth using Basic with user 'admin'
> PUT /geoserver/rest/layers/Canola:Riskmap1510081840 HTTP/1.1
Host: localhost:8080
Authorization: Basic YWRtaW46Z2Vvc2VydmVy
Accept: */*
Content-type: application/xml
Content-Length: 87

* upload completely sent off: 87 out of 87 bytes
< HTTP/1.1 200 
< Date: Tue, 07 Nov 2017 19:10:54 GMT
< Server: Noelios-Restlet-Engine/1.0..8
< Transfer-Encoding: chunked
< 
* Connection #0 to host localhost left intact
# Successful cURL request to http://localhost:8080/geoserver/rest/layers/Canola:Riskmap1510081840

-----------------------------------------------------------------------------------
TimeZone: America/New_York
2017-11-07 14:19:08
*   Trying 127.0.0.1...
* Connected to localhost (127.0.0.1) port 8080 (#0)
* Server auth using Basic with user 'admin'
> POST /geoserver/rest/workspaces/Canola/coveragestores?configure=all HTTP/1.1
Host: localhost:8080
Authorization: Basic YWRtaW46Z2Vvc2VydmVy
Accept: */*
Content-type: application/xml
Content-Length: 222

* upload completely sent off: 222 out of 222 bytes
< HTTP/1.1 201 
< Date: Tue, 07 Nov 2017 19:19:08 GMT
< Location: http://localhost:8080/geoserver/rest/workspaces/Canola/coveragestores/Rain1510082346
< Server: Noelios-Restlet-Engine/1.0..8
< Transfer-Encoding: chunked
< 
* Connection #0 to host localhost left intact
# Successful cURL request to http://localhost:8080/geoserver/rest/workspaces/Canola/coveragestores?configure=all

-----------------------------------------------------------------------------------
TimeZone: America/New_York
2017-11-07 14:19:08
* Hostname localhost was found in DNS cache
*   Trying 127.0.0.1...
* Connected to localhost (127.0.0.1) port 8080 (#0)
* Server auth using Basic with user 'admin'
> POST /geoserver/rest/workspaces/Canola/coveragestores/Rain1510082346/coverages HTTP/1.1
Host: localhost:8080
Authorization: Basic YWRtaW46Z2Vvc2VydmVy
Accept: */*
Content-type: application/xml
Content-Length: 117

* upload completely sent off: 117 out of 117 bytes
< HTTP/1.1 201 
< Date: Tue, 07 Nov 2017 19:19:08 GMT
< Location: http://localhost:8080/geoserver/rest/workspaces/Canola/coveragestores/Rain1510082346/coverages/Rain1510082346
< Server: Noelios-Restlet-Engine/1.0..8
< Transfer-Encoding: chunked
< 
* Connection #0 to host localhost left intact
# Successful cURL request to http://localhost:8080/geoserver/rest/workspaces/Canola/coveragestores/Rain1510082346/coverages

-----------------------------------------------------------------------------------
* Hostname localhost was found in DNS cache
*   Trying 127.0.0.1...
* Connected to localhost (127.0.0.1) port 8080 (#0)
* Server auth using Basic with user 'admin'
> PUT /geoserver/rest/layers/Canola:Rain1510082346 HTTP/1.1
Host: localhost:8080
Authorization: Basic YWRtaW46Z2Vvc2VydmVy
Accept: */*
Content-type: application/xml
Content-Length: 87

* upload completely sent off: 87 out of 87 bytes
< HTTP/1.1 200 
< Date: Tue, 07 Nov 2017 19:19:08 GMT
< Server: Noelios-Restlet-Engine/1.0..8
< Transfer-Encoding: chunked
< 
* Connection #0 to host localhost left intact
# Successful cURL request to http://localhost:8080/geoserver/rest/layers/Canola:Rain1510082346

-----------------------------------------------------------------------------------
TimeZone: America/New_York
2017-11-07 14:20:23
*   Trying 127.0.0.1...
* Connected to localhost (127.0.0.1) port 8080 (#0)
* Server auth using Basic with user 'admin'
> POST /geoserver/rest/workspaces/Canola/coveragestores?configure=all HTTP/1.1
Host: localhost:8080
Authorization: Basic YWRtaW46Z2Vvc2VydmVy
Accept: */*
Content-type: application/xml
Content-Length: 222

* upload completely sent off: 222 out of 222 bytes
< HTTP/1.1 201 
< Date: Tue, 07 Nov 2017 19:20:23 GMT
< Location: http://localhost:8080/geoserver/rest/workspaces/Canola/coveragestores/Rain1510082416
< Server: Noelios-Restlet-Engine/1.0..8
< Transfer-Encoding: chunked
< 
* Connection #0 to host localhost left intact
# Successful cURL request to http://localhost:8080/geoserver/rest/workspaces/Canola/coveragestores?configure=all

-----------------------------------------------------------------------------------
TimeZone: America/New_York
2017-11-07 14:20:23
* Hostname localhost was found in DNS cache
*   Trying 127.0.0.1...
* Connected to localhost (127.0.0.1) port 8080 (#0)
* Server auth using Basic with user 'admin'
> POST /geoserver/rest/workspaces/Canola/coveragestores/Rain1510082416/coverages HTTP/1.1
Host: localhost:8080
Authorization: Basic YWRtaW46Z2Vvc2VydmVy
Accept: */*
Content-type: application/xml
Content-Length: 117

* upload completely sent off: 117 out of 117 bytes
< HTTP/1.1 201 
< Date: Tue, 07 Nov 2017 19:20:23 GMT
< Location: http://localhost:8080/geoserver/rest/workspaces/Canola/coveragestores/Rain1510082416/coverages/Rain1510082416
< Server: Noelios-Restlet-Engine/1.0..8
< Transfer-Encoding: chunked
< 
* Connection #0 to host localhost left intact
# Successful cURL request to http://localhost:8080/geoserver/rest/workspaces/Canola/coveragestores/Rain1510082416/coverages

-----------------------------------------------------------------------------------
* Hostname localhost was found in DNS cache
*   Trying 127.0.0.1...
* Connected to localhost (127.0.0.1) port 8080 (#0)
* Server auth using Basic with user 'admin'
> PUT /geoserver/rest/layers/Canola:Rain1510082416 HTTP/1.1
Host: localhost:8080
Authorization: Basic YWRtaW46Z2Vvc2VydmVy
Accept: */*
Content-type: application/xml
Content-Length: 87

* upload completely sent off: 87 out of 87 bytes
< HTTP/1.1 200 
< Date: Tue, 07 Nov 2017 19:20:23 GMT
< Server: Noelios-Restlet-Engine/1.0..8
< Transfer-Encoding: chunked
< 
* Connection #0 to host localhost left intact
# Successful cURL request to http://localhost:8080/geoserver/rest/layers/Canola:Rain1510082416

-----------------------------------------------------------------------------------
TimeZone: America/New_York
2017-11-07 14:20:37
* Hostname in DNS cache was stale, zapped
*   Trying 127.0.0.1...
* Connected to localhost (127.0.0.1) port 8080 (#0)
* Server auth using Basic with user 'admin'
> POST /geoserver/rest/workspaces/Canola/coveragestores?configure=all HTTP/1.1
Host: localhost:8080
Authorization: Basic YWRtaW46Z2Vvc2VydmVy
Accept: */*
Content-type: application/xml
Content-Length: 224

* upload completely sent off: 224 out of 224 bytes
< HTTP/1.1 201 
< Date: Tue, 07 Nov 2017 19:20:37 GMT
< Location: http://localhost:8080/geoserver/rest/workspaces/Canola/coveragestores/Riskmap1510082416
< Server: Noelios-Restlet-Engine/1.0..8
< Transfer-Encoding: chunked
< 
* Connection #0 to host localhost left intact
# Successful cURL request to http://localhost:8080/geoserver/rest/workspaces/Canola/coveragestores?configure=all

-----------------------------------------------------------------------------------
TimeZone: America/New_York
2017-11-07 14:20:37
* Hostname localhost was found in DNS cache
*   Trying 127.0.0.1...
* Connected to localhost (127.0.0.1) port 8080 (#0)
* Server auth using Basic with user 'admin'
> POST /geoserver/rest/workspaces/Canola/coveragestores/Riskmap1510082416/coverages HTTP/1.1
Host: localhost:8080
Authorization: Basic YWRtaW46Z2Vvc2VydmVy
Accept: */*
Content-type: application/xml
Content-Length: 123

* upload completely sent off: 123 out of 123 bytes
< HTTP/1.1 201 
< Date: Tue, 07 Nov 2017 19:20:37 GMT
< Location: http://localhost:8080/geoserver/rest/workspaces/Canola/coveragestores/Riskmap1510082416/coverages/Riskmap1510082416
< Server: Noelios-Restlet-Engine/1.0..8
< Transfer-Encoding: chunked
< 
* Connection #0 to host localhost left intact
# Successful cURL request to http://localhost:8080/geoserver/rest/workspaces/Canola/coveragestores/Riskmap1510082416/coverages

-----------------------------------------------------------------------------------
* Hostname localhost was found in DNS cache
*   Trying 127.0.0.1...
* Connected to localhost (127.0.0.1) port 8080 (#0)
* Server auth using Basic with user 'admin'
> PUT /geoserver/rest/layers/Canola:Riskmap1510082416 HTTP/1.1
Host: localhost:8080
Authorization: Basic YWRtaW46Z2Vvc2VydmVy
Accept: */*
Content-type: application/xml
Content-Length: 87

* upload completely sent off: 87 out of 87 bytes
< HTTP/1.1 200 
< Date: Tue, 07 Nov 2017 19:20:38 GMT
< Server: Noelios-Restlet-Engine/1.0..8
< Transfer-Encoding: chunked
< 
* Connection #0 to host localhost left intact
# Successful cURL request to http://localhost:8080/geoserver/rest/layers/Canola:Riskmap1510082416

-----------------------------------------------------------------------------------
TimeZone: America/New_York
2017-11-07 14:21:58
* Hostname localhost was found in DNS cache
*   Trying 127.0.0.1...
* Connected to localhost (127.0.0.1) port 8080 (#0)
* Server auth using Basic with user 'admin'
> POST /geoserver/rest/workspaces/Canola/coveragestores?configure=all HTTP/1.1
Host: localhost:8080
Authorization: Basic YWRtaW46Z2Vvc2VydmVy
Accept: */*
Content-type: application/xml
Content-Length: 222

* upload completely sent off: 222 out of 222 bytes
< HTTP/1.1 201 
< Date: Tue, 07 Nov 2017 19:21:58 GMT
< Location: http://localhost:8080/geoserver/rest/workspaces/Canola/coveragestores/Rain1510082517
< Server: Noelios-Restlet-Engine/1.0..8
< Transfer-Encoding: chunked
< 
* Connection #0 to host localhost left intact
# Successful cURL request to http://localhost:8080/geoserver/rest/workspaces/Canola/coveragestores?configure=all

-----------------------------------------------------------------------------------
TimeZone: America/New_York
2017-11-07 14:21:58
* Hostname localhost was found in DNS cache
*   Trying 127.0.0.1...
* Connected to localhost (127.0.0.1) port 8080 (#0)
* Server auth using Basic with user 'admin'
> POST /geoserver/rest/workspaces/Canola/coveragestores/Rain1510082517/coverages HTTP/1.1
Host: localhost:8080
Authorization: Basic YWRtaW46Z2Vvc2VydmVy
Accept: */*
Content-type: application/xml
Content-Length: 117

* upload completely sent off: 117 out of 117 bytes
< HTTP/1.1 201 
< Date: Tue, 07 Nov 2017 19:21:58 GMT
< Location: http://localhost:8080/geoserver/rest/workspaces/Canola/coveragestores/Rain1510082517/coverages/Rain1510082517
< Server: Noelios-Restlet-Engine/1.0..8
< Transfer-Encoding: chunked
< 
* Connection #0 to host localhost left intact
# Successful cURL request to http://localhost:8080/geoserver/rest/workspaces/Canola/coveragestores/Rain1510082517/coverages

-----------------------------------------------------------------------------------
* Hostname localhost was found in DNS cache
*   Trying 127.0.0.1...
* Connected to localhost (127.0.0.1) port 8080 (#0)
* Server auth using Basic with user 'admin'
> PUT /geoserver/rest/layers/Canola:Rain1510082517 HTTP/1.1
Host: localhost:8080
Authorization: Basic YWRtaW46Z2Vvc2VydmVy
Accept: */*
Content-type: application/xml
Content-Length: 87

* upload completely sent off: 87 out of 87 bytes
< HTTP/1.1 200 
< Date: Tue, 07 Nov 2017 19:21:59 GMT
< Server: Noelios-Restlet-Engine/1.0..8
< Transfer-Encoding: chunked
< 
* Connection #0 to host localhost left intact
# Successful cURL request to http://localhost:8080/geoserver/rest/layers/Canola:Rain1510082517

-----------------------------------------------------------------------------------
TimeZone: America/New_York
2017-11-07 14:22:08
* Hostname localhost was found in DNS cache
*   Trying 127.0.0.1...
* Connected to localhost (127.0.0.1) port 8080 (#0)
* Server auth using Basic with user 'admin'
> POST /geoserver/rest/workspaces/Canola/coveragestores?configure=all HTTP/1.1
Host: localhost:8080
Authorization: Basic YWRtaW46Z2Vvc2VydmVy
Accept: */*
Content-type: application/xml
Content-Length: 224

* upload completely sent off: 224 out of 224 bytes
< HTTP/1.1 201 
< Date: Tue, 07 Nov 2017 19:22:08 GMT
< Location: http://localhost:8080/geoserver/rest/workspaces/Canola/coveragestores/Riskmap1510082517
< Server: Noelios-Restlet-Engine/1.0..8
< Transfer-Encoding: chunked
< 
* Connection #0 to host localhost left intact
# Successful cURL request to http://localhost:8080/geoserver/rest/workspaces/Canola/coveragestores?configure=all

-----------------------------------------------------------------------------------
TimeZone: America/New_York
2017-11-07 14:22:08
* Hostname localhost was found in DNS cache
*   Trying 127.0.0.1...
* Connected to localhost (127.0.0.1) port 8080 (#0)
* Server auth using Basic with user 'admin'
> POST /geoserver/rest/workspaces/Canola/coveragestores/Riskmap1510082517/coverages HTTP/1.1
Host: localhost:8080
Authorization: Basic YWRtaW46Z2Vvc2VydmVy
Accept: */*
Content-type: application/xml
Content-Length: 123

* upload completely sent off: 123 out of 123 bytes
< HTTP/1.1 201 
< Date: Tue, 07 Nov 2017 19:22:08 GMT
< Location: http://localhost:8080/geoserver/rest/workspaces/Canola/coveragestores/Riskmap1510082517/coverages/Riskmap1510082517
< Server: Noelios-Restlet-Engine/1.0..8
< Transfer-Encoding: chunked
< 
* Connection #0 to host localhost left intact
# Successful cURL request to http://localhost:8080/geoserver/rest/workspaces/Canola/coveragestores/Riskmap1510082517/coverages

-----------------------------------------------------------------------------------
* Hostname localhost was found in DNS cache
*   Trying 127.0.0.1...
* Connected to localhost (127.0.0.1) port 8080 (#0)
* Server auth using Basic with user 'admin'
> PUT /geoserver/rest/layers/Canola:Riskmap1510082517 HTTP/1.1
Host: localhost:8080
Authorization: Basic YWRtaW46Z2Vvc2VydmVy
Accept: */*
Content-type: application/xml
Content-Length: 87

* upload completely sent off: 87 out of 87 bytes
< HTTP/1.1 200 
< Date: Tue, 07 Nov 2017 19:22:08 GMT
< Server: Noelios-Restlet-Engine/1.0..8
< Transfer-Encoding: chunked
< 
* Connection #0 to host localhost left intact
# Successful cURL request to http://localhost:8080/geoserver/rest/layers/Canola:Riskmap1510082517

-----------------------------------------------------------------------------------
TimeZone: America/New_York
2017-11-07 14:22:13
*   Trying 127.0.0.1...
* Connected to localhost (127.0.0.1) port 8080 (#0)
* Server auth using Basic with user 'admin'
> POST /geoserver/rest/workspaces/Canola/coveragestores?configure=all HTTP/1.1
Host: localhost:8080
Authorization: Basic YWRtaW46Z2Vvc2VydmVy
Accept: */*
Content-type: application/xml
Content-Length: 222

* upload completely sent off: 222 out of 222 bytes
< HTTP/1.1 500 
< Content-Type: text/plain
< Transfer-Encoding: chunked
< Date: Tue, 07 Nov 2017 19:22:13 GMT
< Connection: close
< 
* Closing connection 0
# Unsuccessful cURL request to 
http://localhost:8080/geoserver/rest/workspaces/Canola/coveragestores?configure=all [500]
:Store 'Rain1510082517' already exists in workspace 'Canola'
-----------------------------------------------------------------------------------
TimeZone: America/New_York
2017-11-07 14:22:13
* Hostname localhost was found in DNS cache
*   Trying 127.0.0.1...
* Connected to localhost (127.0.0.1) port 8080 (#0)
* Server auth using Basic with user 'admin'
> POST /geoserver/rest/workspaces/Canola/coveragestores/Rain1510082517/coverages HTTP/1.1
Host: localhost:8080
Authorization: Basic YWRtaW46Z2Vvc2VydmVy
Accept: */*
Content-type: application/xml
Content-Length: 117

* upload completely sent off: 117 out of 117 bytes
< HTTP/1.1 500 
< Content-Type: text/plain
< Transfer-Encoding: chunked
< Date: Tue, 07 Nov 2017 19:22:13 GMT
< Connection: close
< 
* Closing connection 0
# Unsuccessful cURL request to 
http://localhost:8080/geoserver/rest/workspaces/Canola/coveragestores/Rain1510082517/coverages [500]
:Resource named 'Rain1510082517' already exists in store: 'Rain1510082517'
-----------------------------------------------------------------------------------
* Hostname localhost was found in DNS cache
*   Trying 127.0.0.1...
* Connected to localhost (127.0.0.1) port 8080 (#0)
* Server auth using Basic with user 'admin'
> PUT /geoserver/rest/layers/Canola:Rain1510082517 HTTP/1.1
Host: localhost:8080
Authorization: Basic YWRtaW46Z2Vvc2VydmVy
Accept: */*
Content-type: application/xml
Content-Length: 87

* upload completely sent off: 87 out of 87 bytes
< HTTP/1.1 200 
< Date: Tue, 07 Nov 2017 19:22:13 GMT
< Server: Noelios-Restlet-Engine/1.0..8
< Transfer-Encoding: chunked
< 
* Connection #0 to host localhost left intact
# Successful cURL request to http://localhost:8080/geoserver/rest/layers/Canola:Rain1510082517

-----------------------------------------------------------------------------------
TimeZone: America/New_York
2017-11-07 14:24:40
*   Trying 127.0.0.1...
* Connected to localhost (127.0.0.1) port 8080 (#0)
* Server auth using Basic with user 'admin'
> POST /geoserver/rest/workspaces/Canola/coveragestores?configure=all HTTP/1.1
Host: localhost:8080
Authorization: Basic YWRtaW46Z2Vvc2VydmVy
Accept: */*
Content-type: application/xml
Content-Length: 222

* upload completely sent off: 222 out of 222 bytes
< HTTP/1.1 201 
< Date: Tue, 07 Nov 2017 19:24:40 GMT
< Location: http://localhost:8080/geoserver/rest/workspaces/Canola/coveragestores/Rain1510082678
< Server: Noelios-Restlet-Engine/1.0..8
< Transfer-Encoding: chunked
< 
* Connection #0 to host localhost left intact
# Successful cURL request to http://localhost:8080/geoserver/rest/workspaces/Canola/coveragestores?configure=all

-----------------------------------------------------------------------------------
TimeZone: America/New_York
2017-11-07 14:24:40
* Hostname localhost was found in DNS cache
*   Trying 127.0.0.1...
* Connected to localhost (127.0.0.1) port 8080 (#0)
* Server auth using Basic with user 'admin'
> POST /geoserver/rest/workspaces/Canola/coveragestores/Rain1510082678/coverages HTTP/1.1
Host: localhost:8080
Authorization: Basic YWRtaW46Z2Vvc2VydmVy
Accept: */*
Content-type: application/xml
Content-Length: 117

* upload completely sent off: 117 out of 117 bytes
< HTTP/1.1 201 
< Date: Tue, 07 Nov 2017 19:24:40 GMT
< Location: http://localhost:8080/geoserver/rest/workspaces/Canola/coveragestores/Rain1510082678/coverages/Rain1510082678
< Server: Noelios-Restlet-Engine/1.0..8
< Transfer-Encoding: chunked
< 
* Connection #0 to host localhost left intact
# Successful cURL request to http://localhost:8080/geoserver/rest/workspaces/Canola/coveragestores/Rain1510082678/coverages

-----------------------------------------------------------------------------------
* Hostname localhost was found in DNS cache
*   Trying 127.0.0.1...
* Connected to localhost (127.0.0.1) port 8080 (#0)
* Server auth using Basic with user 'admin'
> PUT /geoserver/rest/layers/Canola:Rain1510082678 HTTP/1.1
Host: localhost:8080
Authorization: Basic YWRtaW46Z2Vvc2VydmVy
Accept: */*
Content-type: application/xml
Content-Length: 87

* upload completely sent off: 87 out of 87 bytes
< HTTP/1.1 200 
< Date: Tue, 07 Nov 2017 19:24:40 GMT
< Server: Noelios-Restlet-Engine/1.0..8
< Transfer-Encoding: chunked
< 
* Connection #0 to host localhost left intact
# Successful cURL request to http://localhost:8080/geoserver/rest/layers/Canola:Rain1510082678

-----------------------------------------------------------------------------------
TimeZone: America/New_York
2017-11-07 14:24:51
*   Trying 127.0.0.1...
* Connected to localhost (127.0.0.1) port 8080 (#0)
* Server auth using Basic with user 'admin'
> POST /geoserver/rest/workspaces/Canola/coveragestores?configure=all HTTP/1.1
Host: localhost:8080
Authorization: Basic YWRtaW46Z2Vvc2VydmVy
Accept: */*
Content-type: application/xml
Content-Length: 224

* upload completely sent off: 224 out of 224 bytes
< HTTP/1.1 201 
< Date: Tue, 07 Nov 2017 19:24:51 GMT
< Location: http://localhost:8080/geoserver/rest/workspaces/Canola/coveragestores/Riskmap1510082678
< Server: Noelios-Restlet-Engine/1.0..8
< Transfer-Encoding: chunked
< 
* Connection #0 to host localhost left intact
# Successful cURL request to http://localhost:8080/geoserver/rest/workspaces/Canola/coveragestores?configure=all

-----------------------------------------------------------------------------------
TimeZone: America/New_York
2017-11-07 14:24:51
* Hostname localhost was found in DNS cache
*   Trying 127.0.0.1...
* Connected to localhost (127.0.0.1) port 8080 (#0)
* Server auth using Basic with user 'admin'
> POST /geoserver/rest/workspaces/Canola/coveragestores/Riskmap1510082678/coverages HTTP/1.1
Host: localhost:8080
Authorization: Basic YWRtaW46Z2Vvc2VydmVy
Accept: */*
Content-type: application/xml
Content-Length: 123

* upload completely sent off: 123 out of 123 bytes
< HTTP/1.1 201 
< Date: Tue, 07 Nov 2017 19:24:51 GMT
< Location: http://localhost:8080/geoserver/rest/workspaces/Canola/coveragestores/Riskmap1510082678/coverages/Riskmap1510082678
< Server: Noelios-Restlet-Engine/1.0..8
< Transfer-Encoding: chunked
< 
* Connection #0 to host localhost left intact
# Successful cURL request to http://localhost:8080/geoserver/rest/workspaces/Canola/coveragestores/Riskmap1510082678/coverages

-----------------------------------------------------------------------------------
* Hostname localhost was found in DNS cache
*   Trying 127.0.0.1...
* Connected to localhost (127.0.0.1) port 8080 (#0)
* Server auth using Basic with user 'admin'
> PUT /geoserver/rest/layers/Canola:Riskmap1510082678 HTTP/1.1
Host: localhost:8080
Authorization: Basic YWRtaW46Z2Vvc2VydmVy
Accept: */*
Content-type: application/xml
Content-Length: 87

* upload completely sent off: 87 out of 87 bytes
< HTTP/1.1 200 
< Date: Tue, 07 Nov 2017 19:24:51 GMT
< Server: Noelios-Restlet-Engine/1.0..8
< Transfer-Encoding: chunked
< 
* Connection #0 to host localhost left intact
# Successful cURL request to http://localhost:8080/geoserver/rest/layers/Canola:Riskmap1510082678

-----------------------------------------------------------------------------------
TimeZone: America/New_York
2017-11-07 14:24:57
*   Trying 127.0.0.1...
* Connected to localhost (127.0.0.1) port 8080 (#0)
* Server auth using Basic with user 'admin'
> POST /geoserver/rest/workspaces/Canola/coveragestores?configure=all HTTP/1.1
Host: localhost:8080
Authorization: Basic YWRtaW46Z2Vvc2VydmVy
Accept: */*
Content-type: application/xml
Content-Length: 222

* upload completely sent off: 222 out of 222 bytes
< HTTP/1.1 500 
< Content-Type: text/plain
< Transfer-Encoding: chunked
< Date: Tue, 07 Nov 2017 19:24:56 GMT
< Connection: close
< 
* Closing connection 0
# Unsuccessful cURL request to 
http://localhost:8080/geoserver/rest/workspaces/Canola/coveragestores?configure=all [500]
:Store 'Rain1510082678' already exists in workspace 'Canola'
-----------------------------------------------------------------------------------
TimeZone: America/New_York
2017-11-07 14:24:57
* Hostname localhost was found in DNS cache
*   Trying 127.0.0.1...
* Connected to localhost (127.0.0.1) port 8080 (#0)
* Server auth using Basic with user 'admin'
> POST /geoserver/rest/workspaces/Canola/coveragestores/Rain1510082678/coverages HTTP/1.1
Host: localhost:8080
Authorization: Basic YWRtaW46Z2Vvc2VydmVy
Accept: */*
Content-type: application/xml
Content-Length: 117

* upload completely sent off: 117 out of 117 bytes
< HTTP/1.1 500 
< Content-Type: text/plain
< Transfer-Encoding: chunked
< Date: Tue, 07 Nov 2017 19:24:56 GMT
< Connection: close
< 
* Closing connection 0
# Unsuccessful cURL request to 
http://localhost:8080/geoserver/rest/workspaces/Canola/coveragestores/Rain1510082678/coverages [500]
:Resource named 'Rain1510082678' already exists in store: 'Rain1510082678'
-----------------------------------------------------------------------------------
* Hostname localhost was found in DNS cache
*   Trying 127.0.0.1...
* Connected to localhost (127.0.0.1) port 8080 (#0)
* Server auth using Basic with user 'admin'
> PUT /geoserver/rest/layers/Canola:Rain1510082678 HTTP/1.1
Host: localhost:8080
Authorization: Basic YWRtaW46Z2Vvc2VydmVy
Accept: */*
Content-type: application/xml
Content-Length: 87

* upload completely sent off: 87 out of 87 bytes
< HTTP/1.1 200 
< Date: Tue, 07 Nov 2017 19:24:57 GMT
< Server: Noelios-Restlet-Engine/1.0..8
< Transfer-Encoding: chunked
< 
* Connection #0 to host localhost left intact
# Successful cURL request to http://localhost:8080/geoserver/rest/layers/Canola:Rain1510082678

-----------------------------------------------------------------------------------
TimeZone: America/New_York
2017-11-07 23:32:31
*   Trying 127.0.0.1...
* Connected to localhost (127.0.0.1) port 8080 (#0)
* Server auth using Basic with user 'admin'
> POST /geoserver/rest/workspaces/Canola/coveragestores?configure=all HTTP/1.1
Host: localhost:8080
Authorization: Basic YWRtaW46Z2Vvc2VydmVy
Accept: */*
Content-type: application/xml
Content-Length: 222

* upload completely sent off: 222 out of 222 bytes
< HTTP/1.1 201 
< Date: Wed, 08 Nov 2017 04:32:31 GMT
< Location: http://localhost:8080/geoserver/rest/workspaces/Canola/coveragestores/Rain1510115540
< Server: Noelios-Restlet-Engine/1.0..8
< Transfer-Encoding: chunked
< 
* Connection #0 to host localhost left intact
# Successful cURL request to http://localhost:8080/geoserver/rest/workspaces/Canola/coveragestores?configure=all

-----------------------------------------------------------------------------------
TimeZone: America/New_York
2017-11-07 23:32:31
* Hostname localhost was found in DNS cache
*   Trying 127.0.0.1...
* Connected to localhost (127.0.0.1) port 8080 (#0)
* Server auth using Basic with user 'admin'
> POST /geoserver/rest/workspaces/Canola/coveragestores/Rain1510115540/coverages HTTP/1.1
Host: localhost:8080
Authorization: Basic YWRtaW46Z2Vvc2VydmVy
Accept: */*
Content-type: application/xml
Content-Length: 117

* upload completely sent off: 117 out of 117 bytes
< HTTP/1.1 201 
< Date: Wed, 08 Nov 2017 04:32:31 GMT
< Location: http://localhost:8080/geoserver/rest/workspaces/Canola/coveragestores/Rain1510115540/coverages/Rain1510115540
< Server: Noelios-Restlet-Engine/1.0..8
< Transfer-Encoding: chunked
< 
* Connection #0 to host localhost left intact
# Successful cURL request to http://localhost:8080/geoserver/rest/workspaces/Canola/coveragestores/Rain1510115540/coverages

-----------------------------------------------------------------------------------
* Hostname localhost was found in DNS cache
*   Trying 127.0.0.1...
* Connected to localhost (127.0.0.1) port 8080 (#0)
* Server auth using Basic with user 'admin'
> PUT /geoserver/rest/layers/Canola:Rain1510115540 HTTP/1.1
Host: localhost:8080
Authorization: Basic YWRtaW46Z2Vvc2VydmVy
Accept: */*
Content-type: application/xml
Content-Length: 87

* upload completely sent off: 87 out of 87 bytes
< HTTP/1.1 200 
< Date: Wed, 08 Nov 2017 04:32:31 GMT
< Server: Noelios-Restlet-Engine/1.0..8
< Transfer-Encoding: chunked
< 
* Connection #0 to host localhost left intact
# Successful cURL request to http://localhost:8080/geoserver/rest/layers/Canola:Rain1510115540

-----------------------------------------------------------------------------------
TimeZone: America/New_York
2017-11-07 23:32:40
*   Trying 127.0.0.1...
* Connected to localhost (127.0.0.1) port 8080 (#0)
* Server auth using Basic with user 'admin'
> POST /geoserver/rest/workspaces/Canola/coveragestores?configure=all HTTP/1.1
Host: localhost:8080
Authorization: Basic YWRtaW46Z2Vvc2VydmVy
Accept: */*
Content-type: application/xml
Content-Length: 224

* upload completely sent off: 224 out of 224 bytes
< HTTP/1.1 201 
< Date: Wed, 08 Nov 2017 04:32:40 GMT
< Location: http://localhost:8080/geoserver/rest/workspaces/Canola/coveragestores/Riskmap1510115540
< Server: Noelios-Restlet-Engine/1.0..8
< Transfer-Encoding: chunked
< 
* Connection #0 to host localhost left intact
# Successful cURL request to http://localhost:8080/geoserver/rest/workspaces/Canola/coveragestores?configure=all

-----------------------------------------------------------------------------------
TimeZone: America/New_York
2017-11-07 23:32:40
* Hostname localhost was found in DNS cache
*   Trying 127.0.0.1...
* Connected to localhost (127.0.0.1) port 8080 (#0)
* Server auth using Basic with user 'admin'
> POST /geoserver/rest/workspaces/Canola/coveragestores/Riskmap1510115540/coverages HTTP/1.1
Host: localhost:8080
Authorization: Basic YWRtaW46Z2Vvc2VydmVy
Accept: */*
Content-type: application/xml
Content-Length: 123

* upload completely sent off: 123 out of 123 bytes
< HTTP/1.1 201 
< Date: Wed, 08 Nov 2017 04:32:40 GMT
< Location: http://localhost:8080/geoserver/rest/workspaces/Canola/coveragestores/Riskmap1510115540/coverages/Riskmap1510115540
< Server: Noelios-Restlet-Engine/1.0..8
< Transfer-Encoding: chunked
< 
* Connection #0 to host localhost left intact
# Successful cURL request to http://localhost:8080/geoserver/rest/workspaces/Canola/coveragestores/Riskmap1510115540/coverages

-----------------------------------------------------------------------------------
* Hostname localhost was found in DNS cache
*   Trying 127.0.0.1...
* Connected to localhost (127.0.0.1) port 8080 (#0)
* Server auth using Basic with user 'admin'
> PUT /geoserver/rest/layers/Canola:Riskmap1510115540 HTTP/1.1
Host: localhost:8080
Authorization: Basic YWRtaW46Z2Vvc2VydmVy
Accept: */*
Content-type: application/xml
Content-Length: 87

* upload completely sent off: 87 out of 87 bytes
< HTTP/1.1 200 
< Date: Wed, 08 Nov 2017 04:32:40 GMT
< Server: Noelios-Restlet-Engine/1.0..8
< Transfer-Encoding: chunked
< 
* Connection #0 to host localhost left intact
# Successful cURL request to http://localhost:8080/geoserver/rest/layers/Canola:Riskmap1510115540

-----------------------------------------------------------------------------------
TimeZone: America/New_York
2017-11-07 23:52:01
*   Trying 127.0.0.1...
* Connected to localhost (127.0.0.1) port 8080 (#0)
* Server auth using Basic with user 'admin'
> POST /geoserver/rest/workspaces/Canola/coveragestores?configure=all HTTP/1.1
Host: localhost:8080
Authorization: Basic YWRtaW46Z2Vvc2VydmVy
Accept: */*
Content-type: application/xml
Content-Length: 222

* upload completely sent off: 222 out of 222 bytes
< HTTP/1.1 201 
< Date: Wed, 08 Nov 2017 04:52:01 GMT
< Location: http://localhost:8080/geoserver/rest/workspaces/Canola/coveragestores/Rain1510116716
< Server: Noelios-Restlet-Engine/1.0..8
< Transfer-Encoding: chunked
< 
* Connection #0 to host localhost left intact
# Successful cURL request to http://localhost:8080/geoserver/rest/workspaces/Canola/coveragestores?configure=all

-----------------------------------------------------------------------------------
TimeZone: America/New_York
2017-11-07 23:52:01
* Hostname localhost was found in DNS cache
*   Trying 127.0.0.1...
* Connected to localhost (127.0.0.1) port 8080 (#0)
* Server auth using Basic with user 'admin'
> POST /geoserver/rest/workspaces/Canola/coveragestores/Rain1510116716/coverages HTTP/1.1
Host: localhost:8080
Authorization: Basic YWRtaW46Z2Vvc2VydmVy
Accept: */*
Content-type: application/xml
Content-Length: 117

* upload completely sent off: 117 out of 117 bytes
< HTTP/1.1 201 
< Date: Wed, 08 Nov 2017 04:52:01 GMT
< Location: http://localhost:8080/geoserver/rest/workspaces/Canola/coveragestores/Rain1510116716/coverages/Rain1510116716
< Server: Noelios-Restlet-Engine/1.0..8
< Transfer-Encoding: chunked
< 
* Connection #0 to host localhost left intact
# Successful cURL request to http://localhost:8080/geoserver/rest/workspaces/Canola/coveragestores/Rain1510116716/coverages

-----------------------------------------------------------------------------------
* Hostname localhost was found in DNS cache
*   Trying 127.0.0.1...
* Connected to localhost (127.0.0.1) port 8080 (#0)
* Server auth using Basic with user 'admin'
> PUT /geoserver/rest/layers/Canola:Rain1510116716 HTTP/1.1
Host: localhost:8080
Authorization: Basic YWRtaW46Z2Vvc2VydmVy
Accept: */*
Content-type: application/xml
Content-Length: 87

* upload completely sent off: 87 out of 87 bytes
< HTTP/1.1 200 
< Date: Wed, 08 Nov 2017 04:52:01 GMT
< Server: Noelios-Restlet-Engine/1.0..8
< Transfer-Encoding: chunked
< 
* Connection #0 to host localhost left intact
# Successful cURL request to http://localhost:8080/geoserver/rest/layers/Canola:Rain1510116716

-----------------------------------------------------------------------------------
TimeZone: America/New_York
2017-11-07 23:53:48
*   Trying 127.0.0.1...
* Connected to localhost (127.0.0.1) port 8080 (#0)
* Server auth using Basic with user 'admin'
> POST /geoserver/rest/workspaces/Canola/coveragestores?configure=all HTTP/1.1
Host: localhost:8080
Authorization: Basic YWRtaW46Z2Vvc2VydmVy
Accept: */*
Content-type: application/xml
Content-Length: 222

* upload completely sent off: 222 out of 222 bytes
< HTTP/1.1 500 
< Content-Type: text/plain
< Transfer-Encoding: chunked
< Date: Wed, 08 Nov 2017 04:53:48 GMT
< Connection: close
< 
* Closing connection 0
# Unsuccessful cURL request to 
http://localhost:8080/geoserver/rest/workspaces/Canola/coveragestores?configure=all [500]
:Store 'Rain1510116716' already exists in workspace 'Canola'
-----------------------------------------------------------------------------------
TimeZone: America/New_York
2017-11-07 23:53:48
* Hostname localhost was found in DNS cache
*   Trying 127.0.0.1...
* Connected to localhost (127.0.0.1) port 8080 (#0)
* Server auth using Basic with user 'admin'
> POST /geoserver/rest/workspaces/Canola/coveragestores/Rain1510116716/coverages HTTP/1.1
Host: localhost:8080
Authorization: Basic YWRtaW46Z2Vvc2VydmVy
Accept: */*
Content-type: application/xml
Content-Length: 117

* upload completely sent off: 117 out of 117 bytes
< HTTP/1.1 500 
< Content-Type: text/plain
< Transfer-Encoding: chunked
< Date: Wed, 08 Nov 2017 04:53:48 GMT
< Connection: close
< 
* Closing connection 0
# Unsuccessful cURL request to 
http://localhost:8080/geoserver/rest/workspaces/Canola/coveragestores/Rain1510116716/coverages [500]
:Resource named 'Rain1510116716' already exists in store: 'Rain1510116716'
-----------------------------------------------------------------------------------
* Hostname localhost was found in DNS cache
*   Trying 127.0.0.1...
* Connected to localhost (127.0.0.1) port 8080 (#0)
* Server auth using Basic with user 'admin'
> PUT /geoserver/rest/layers/Canola:Rain1510116716 HTTP/1.1
Host: localhost:8080
Authorization: Basic YWRtaW46Z2Vvc2VydmVy
Accept: */*
Content-type: application/xml
Content-Length: 87

* upload completely sent off: 87 out of 87 bytes
< HTTP/1.1 200 
< Date: Wed, 08 Nov 2017 04:53:48 GMT
< Server: Noelios-Restlet-Engine/1.0..8
< Transfer-Encoding: chunked
< 
* Connection #0 to host localhost left intact
# Successful cURL request to http://localhost:8080/geoserver/rest/layers/Canola:Rain1510116716

-----------------------------------------------------------------------------------
TimeZone: America/New_York
2017-11-07 23:59:42
*   Trying 127.0.0.1...
* Connected to localhost (127.0.0.1) port 8080 (#0)
* Server auth using Basic with user 'admin'
> POST /geoserver/rest/workspaces/Canola/coveragestores?configure=all HTTP/1.1
Host: localhost:8080
Authorization: Basic YWRtaW46Z2Vvc2VydmVy
Accept: */*
Content-type: application/xml
Content-Length: 222

* upload completely sent off: 222 out of 222 bytes
< HTTP/1.1 201 
< Date: Wed, 08 Nov 2017 04:59:42 GMT
< Location: http://localhost:8080/geoserver/rest/workspaces/Canola/coveragestores/Rain1510117180
< Server: Noelios-Restlet-Engine/1.0..8
< Transfer-Encoding: chunked
< 
* Connection #0 to host localhost left intact
# Successful cURL request to http://localhost:8080/geoserver/rest/workspaces/Canola/coveragestores?configure=all

-----------------------------------------------------------------------------------
TimeZone: America/New_York
2017-11-07 23:59:42
* Hostname localhost was found in DNS cache
*   Trying 127.0.0.1...
* Connected to localhost (127.0.0.1) port 8080 (#0)
* Server auth using Basic with user 'admin'
> POST /geoserver/rest/workspaces/Canola/coveragestores/Rain1510117180/coverages HTTP/1.1
Host: localhost:8080
Authorization: Basic YWRtaW46Z2Vvc2VydmVy
Accept: */*
Content-type: application/xml
Content-Length: 117

* upload completely sent off: 117 out of 117 bytes
< HTTP/1.1 201 
< Date: Wed, 08 Nov 2017 04:59:42 GMT
< Location: http://localhost:8080/geoserver/rest/workspaces/Canola/coveragestores/Rain1510117180/coverages/Rain1510117180
< Server: Noelios-Restlet-Engine/1.0..8
< Transfer-Encoding: chunked
< 
* Connection #0 to host localhost left intact
# Successful cURL request to http://localhost:8080/geoserver/rest/workspaces/Canola/coveragestores/Rain1510117180/coverages

-----------------------------------------------------------------------------------
* Hostname localhost was found in DNS cache
*   Trying 127.0.0.1...
* Connected to localhost (127.0.0.1) port 8080 (#0)
* Server auth using Basic with user 'admin'
> PUT /geoserver/rest/layers/Canola:Rain1510117180 HTTP/1.1
Host: localhost:8080
Authorization: Basic YWRtaW46Z2Vvc2VydmVy
Accept: */*
Content-type: application/xml
Content-Length: 87

* upload completely sent off: 87 out of 87 bytes
< HTTP/1.1 200 
< Date: Wed, 08 Nov 2017 04:59:42 GMT
< Server: Noelios-Restlet-Engine/1.0..8
< Transfer-Encoding: chunked
< 
* Connection #0 to host localhost left intact
# Successful cURL request to http://localhost:8080/geoserver/rest/layers/Canola:Rain1510117180

-----------------------------------------------------------------------------------
TimeZone: America/New_York
2017-11-08 00:08:57
*   Trying 127.0.0.1...
* Connected to localhost (127.0.0.1) port 8080 (#0)
* Server auth using Basic with user 'admin'
> POST /geoserver/rest/workspaces/Canola/coveragestores?configure=all HTTP/1.1
Host: localhost:8080
Authorization: Basic YWRtaW46Z2Vvc2VydmVy
Accept: */*
Content-type: application/xml
Content-Length: 222

* upload completely sent off: 222 out of 222 bytes
< HTTP/1.1 201 
< Date: Wed, 08 Nov 2017 05:08:57 GMT
< Location: http://localhost:8080/geoserver/rest/workspaces/Canola/coveragestores/Rain1510117735
< Server: Noelios-Restlet-Engine/1.0..8
< Transfer-Encoding: chunked
< 
* Connection #0 to host localhost left intact
# Successful cURL request to http://localhost:8080/geoserver/rest/workspaces/Canola/coveragestores?configure=all

-----------------------------------------------------------------------------------
TimeZone: America/New_York
2017-11-08 00:08:57
* Hostname localhost was found in DNS cache
*   Trying 127.0.0.1...
* Connected to localhost (127.0.0.1) port 8080 (#0)
* Server auth using Basic with user 'admin'
> POST /geoserver/rest/workspaces/Canola/coveragestores/Rain1510117735/coverages HTTP/1.1
Host: localhost:8080
Authorization: Basic YWRtaW46Z2Vvc2VydmVy
Accept: */*
Content-type: application/xml
Content-Length: 117

* upload completely sent off: 117 out of 117 bytes
< HTTP/1.1 201 
< Date: Wed, 08 Nov 2017 05:08:57 GMT
< Location: http://localhost:8080/geoserver/rest/workspaces/Canola/coveragestores/Rain1510117735/coverages/Rain1510117735
< Server: Noelios-Restlet-Engine/1.0..8
< Transfer-Encoding: chunked
< 
* Connection #0 to host localhost left intact
# Successful cURL request to http://localhost:8080/geoserver/rest/workspaces/Canola/coveragestores/Rain1510117735/coverages

-----------------------------------------------------------------------------------
* Hostname localhost was found in DNS cache
*   Trying 127.0.0.1...
* Connected to localhost (127.0.0.1) port 8080 (#0)
* Server auth using Basic with user 'admin'
> PUT /geoserver/rest/layers/Canola:Rain1510117735 HTTP/1.1
Host: localhost:8080
Authorization: Basic YWRtaW46Z2Vvc2VydmVy
Accept: */*
Content-type: application/xml
Content-Length: 87

* upload completely sent off: 87 out of 87 bytes
< HTTP/1.1 200 
< Date: Wed, 08 Nov 2017 05:08:57 GMT
< Server: Noelios-Restlet-Engine/1.0..8
< Transfer-Encoding: chunked
< 
* Connection #0 to host localhost left intact
# Successful cURL request to http://localhost:8080/geoserver/rest/layers/Canola:Rain1510117735

-----------------------------------------------------------------------------------
TimeZone: America/New_York
2017-11-08 00:47:03
*   Trying 127.0.0.1...
* Connected to localhost (127.0.0.1) port 8080 (#0)
* Server auth using Basic with user 'admin'
> POST /geoserver/rest/workspaces/Canola/coveragestores?configure=all HTTP/1.1
Host: localhost:8080
Authorization: Basic YWRtaW46Z2Vvc2VydmVy
Accept: */*
Content-type: application/xml
Content-Length: 224

* upload completely sent off: 224 out of 224 bytes
< HTTP/1.1 201 
< Date: Wed, 08 Nov 2017 05:47:03 GMT
< Location: http://localhost:8080/geoserver/rest/workspaces/Canola/coveragestores/Riskmap1510120011
< Server: Noelios-Restlet-Engine/1.0..8
< Transfer-Encoding: chunked
< 
* Connection #0 to host localhost left intact
# Successful cURL request to http://localhost:8080/geoserver/rest/workspaces/Canola/coveragestores?configure=all

-----------------------------------------------------------------------------------
TimeZone: America/New_York
2017-11-08 00:47:03
* Hostname localhost was found in DNS cache
*   Trying 127.0.0.1...
* Connected to localhost (127.0.0.1) port 8080 (#0)
* Server auth using Basic with user 'admin'
> POST /geoserver/rest/workspaces/Canola/coveragestores/Riskmap1510120011/coverages HTTP/1.1
Host: localhost:8080
Authorization: Basic YWRtaW46Z2Vvc2VydmVy
Accept: */*
Content-type: application/xml
Content-Length: 123

* upload completely sent off: 123 out of 123 bytes
< HTTP/1.1 201 
< Date: Wed, 08 Nov 2017 05:47:03 GMT
< Location: http://localhost:8080/geoserver/rest/workspaces/Canola/coveragestores/Riskmap1510120011/coverages/Riskmap1510120011
< Server: Noelios-Restlet-Engine/1.0..8
< Transfer-Encoding: chunked
< 
* Connection #0 to host localhost left intact
# Successful cURL request to http://localhost:8080/geoserver/rest/workspaces/Canola/coveragestores/Riskmap1510120011/coverages

-----------------------------------------------------------------------------------
* Hostname localhost was found in DNS cache
*   Trying 127.0.0.1...
* Connected to localhost (127.0.0.1) port 8080 (#0)
* Server auth using Basic with user 'admin'
> PUT /geoserver/rest/layers/Canola:Riskmap1510120011 HTTP/1.1
Host: localhost:8080
Authorization: Basic YWRtaW46Z2Vvc2VydmVy
Accept: */*
Content-type: application/xml
Content-Length: 87

* upload completely sent off: 87 out of 87 bytes
< HTTP/1.1 200 
< Date: Wed, 08 Nov 2017 05:47:03 GMT
< Server: Noelios-Restlet-Engine/1.0..8
< Transfer-Encoding: chunked
< 
* Connection #0 to host localhost left intact
# Successful cURL request to http://localhost:8080/geoserver/rest/layers/Canola:Riskmap1510120011

-----------------------------------------------------------------------------------
TimeZone: America/New_York
2017-11-08 01:24:47
*   Trying 127.0.0.1...
* Connected to localhost (127.0.0.1) port 8080 (#0)
* Server auth using Basic with user 'admin'
> POST /geoserver/rest/workspaces/Canola/coveragestores?configure=all HTTP/1.1
Host: localhost:8080
Authorization: Basic YWRtaW46Z2Vvc2VydmVy
Accept: */*
Content-type: application/xml
Content-Length: 222

* upload completely sent off: 222 out of 222 bytes
< HTTP/1.1 201 
< Date: Wed, 08 Nov 2017 06:24:47 GMT
< Location: http://localhost:8080/geoserver/rest/workspaces/Canola/coveragestores/Rain1510122284
< Server: Noelios-Restlet-Engine/1.0..8
< Transfer-Encoding: chunked
< 
* Connection #0 to host localhost left intact
# Successful cURL request to http://localhost:8080/geoserver/rest/workspaces/Canola/coveragestores?configure=all

-----------------------------------------------------------------------------------
TimeZone: America/New_York
2017-11-08 01:24:47
* Hostname localhost was found in DNS cache
*   Trying 127.0.0.1...
* Connected to localhost (127.0.0.1) port 8080 (#0)
* Server auth using Basic with user 'admin'
> POST /geoserver/rest/workspaces/Canola/coveragestores/Rain1510122284/coverages HTTP/1.1
Host: localhost:8080
Authorization: Basic YWRtaW46Z2Vvc2VydmVy
Accept: */*
Content-type: application/xml
Content-Length: 117

* upload completely sent off: 117 out of 117 bytes
< HTTP/1.1 201 
< Date: Wed, 08 Nov 2017 06:24:47 GMT
< Location: http://localhost:8080/geoserver/rest/workspaces/Canola/coveragestores/Rain1510122284/coverages/Rain1510122284
< Server: Noelios-Restlet-Engine/1.0..8
< Transfer-Encoding: chunked
< 
* Connection #0 to host localhost left intact
# Successful cURL request to http://localhost:8080/geoserver/rest/workspaces/Canola/coveragestores/Rain1510122284/coverages

-----------------------------------------------------------------------------------
* Hostname localhost was found in DNS cache
*   Trying 127.0.0.1...
* Connected to localhost (127.0.0.1) port 8080 (#0)
* Server auth using Basic with user 'admin'
> PUT /geoserver/rest/layers/Canola:Rain1510122284 HTTP/1.1
Host: localhost:8080
Authorization: Basic YWRtaW46Z2Vvc2VydmVy
Accept: */*
Content-type: application/xml
Content-Length: 87

* upload completely sent off: 87 out of 87 bytes
< HTTP/1.1 200 
< Date: Wed, 08 Nov 2017 06:24:47 GMT
< Server: Noelios-Restlet-Engine/1.0..8
< Transfer-Encoding: chunked
< 
* Connection #0 to host localhost left intact
# Successful cURL request to http://localhost:8080/geoserver/rest/layers/Canola:Rain1510122284

-----------------------------------------------------------------------------------
TimeZone: America/New_York
2017-11-08 01:40:46
*   Trying 127.0.0.1...
* Connected to localhost (127.0.0.1) port 8080 (#0)
* Server auth using Basic with user 'admin'
> POST /geoserver/rest/workspaces/Canola/coveragestores?configure=all HTTP/1.1
Host: localhost:8080
Authorization: Basic YWRtaW46Z2Vvc2VydmVy
Accept: */*
Content-type: application/xml
Content-Length: 224

* upload completely sent off: 224 out of 224 bytes
< HTTP/1.1 201 
< Date: Wed, 08 Nov 2017 06:40:46 GMT
< Location: http://localhost:8080/geoserver/rest/workspaces/Canola/coveragestores/Riskmap1510123185
< Server: Noelios-Restlet-Engine/1.0..8
< Transfer-Encoding: chunked
< 
* Connection #0 to host localhost left intact
# Successful cURL request to http://localhost:8080/geoserver/rest/workspaces/Canola/coveragestores?configure=all

-----------------------------------------------------------------------------------
TimeZone: America/New_York
2017-11-08 01:40:46
* Hostname localhost was found in DNS cache
*   Trying 127.0.0.1...
* Connected to localhost (127.0.0.1) port 8080 (#0)
* Server auth using Basic with user 'admin'
> POST /geoserver/rest/workspaces/Canola/coveragestores/Riskmap1510123185/coverages HTTP/1.1
Host: localhost:8080
Authorization: Basic YWRtaW46Z2Vvc2VydmVy
Accept: */*
Content-type: application/xml
Content-Length: 123

* upload completely sent off: 123 out of 123 bytes
< HTTP/1.1 201 
< Date: Wed, 08 Nov 2017 06:40:46 GMT
< Location: http://localhost:8080/geoserver/rest/workspaces/Canola/coveragestores/Riskmap1510123185/coverages/Riskmap1510123185
< Server: Noelios-Restlet-Engine/1.0..8
< Transfer-Encoding: chunked
< 
* Connection #0 to host localhost left intact
# Successful cURL request to http://localhost:8080/geoserver/rest/workspaces/Canola/coveragestores/Riskmap1510123185/coverages

-----------------------------------------------------------------------------------
* Hostname localhost was found in DNS cache
*   Trying 127.0.0.1...
* Connected to localhost (127.0.0.1) port 8080 (#0)
* Server auth using Basic with user 'admin'
> PUT /geoserver/rest/layers/Canola:Riskmap1510123185 HTTP/1.1
Host: localhost:8080
Authorization: Basic YWRtaW46Z2Vvc2VydmVy
Accept: */*
Content-type: application/xml
Content-Length: 87

* upload completely sent off: 87 out of 87 bytes
< HTTP/1.1 200 
< Date: Wed, 08 Nov 2017 06:40:46 GMT
< Server: Noelios-Restlet-Engine/1.0..8
< Transfer-Encoding: chunked
< 
* Connection #0 to host localhost left intact
# Successful cURL request to http://localhost:8080/geoserver/rest/layers/Canola:Riskmap1510123185

-----------------------------------------------------------------------------------
TimeZone: America/New_York
2017-11-08 01:45:03
* Hostname in DNS cache was stale, zapped
*   Trying 127.0.0.1...
* Connected to localhost (127.0.0.1) port 8080 (#0)
* Server auth using Basic with user 'admin'
> POST /geoserver/rest/workspaces/Canola/coveragestores?configure=all HTTP/1.1
Host: localhost:8080
Authorization: Basic YWRtaW46Z2Vvc2VydmVy
Accept: */*
Content-type: application/xml
Content-Length: 222

* upload completely sent off: 222 out of 222 bytes
< HTTP/1.1 201 
< Date: Wed, 08 Nov 2017 06:45:03 GMT
< Location: http://localhost:8080/geoserver/rest/workspaces/Canola/coveragestores/Rain1510123499
< Server: Noelios-Restlet-Engine/1.0..8
< Transfer-Encoding: chunked
< 
* Connection #0 to host localhost left intact
# Successful cURL request to http://localhost:8080/geoserver/rest/workspaces/Canola/coveragestores?configure=all

-----------------------------------------------------------------------------------
TimeZone: America/New_York
2017-11-08 01:45:03
* Hostname localhost was found in DNS cache
*   Trying 127.0.0.1...
* Connected to localhost (127.0.0.1) port 8080 (#0)
* Server auth using Basic with user 'admin'
> POST /geoserver/rest/workspaces/Canola/coveragestores/Rain1510123499/coverages HTTP/1.1
Host: localhost:8080
Authorization: Basic YWRtaW46Z2Vvc2VydmVy
Accept: */*
Content-type: application/xml
Content-Length: 117

* upload completely sent off: 117 out of 117 bytes
< HTTP/1.1 201 
< Date: Wed, 08 Nov 2017 06:45:03 GMT
< Location: http://localhost:8080/geoserver/rest/workspaces/Canola/coveragestores/Rain1510123499/coverages/Rain1510123499
< Server: Noelios-Restlet-Engine/1.0..8
< Transfer-Encoding: chunked
< 
* Connection #0 to host localhost left intact
# Successful cURL request to http://localhost:8080/geoserver/rest/workspaces/Canola/coveragestores/Rain1510123499/coverages

-----------------------------------------------------------------------------------
* Hostname localhost was found in DNS cache
*   Trying 127.0.0.1...
* Connected to localhost (127.0.0.1) port 8080 (#0)
* Server auth using Basic with user 'admin'
> PUT /geoserver/rest/layers/Canola:Rain1510123499 HTTP/1.1
Host: localhost:8080
Authorization: Basic YWRtaW46Z2Vvc2VydmVy
Accept: */*
Content-type: application/xml
Content-Length: 87

* upload completely sent off: 87 out of 87 bytes
< HTTP/1.1 200 
< Date: Wed, 08 Nov 2017 06:45:03 GMT
< Server: Noelios-Restlet-Engine/1.0..8
< Transfer-Encoding: chunked
< 
* Connection #0 to host localhost left intact
# Successful cURL request to http://localhost:8080/geoserver/rest/layers/Canola:Rain1510123499

-----------------------------------------------------------------------------------
TimeZone: America/New_York
2017-11-08 01:45:23
*   Trying 127.0.0.1...
* Connected to localhost (127.0.0.1) port 8080 (#0)
* Server auth using Basic with user 'admin'
> POST /geoserver/rest/workspaces/Canola/coveragestores?configure=all HTTP/1.1
Host: localhost:8080
Authorization: Basic YWRtaW46Z2Vvc2VydmVy
Accept: */*
Content-type: application/xml
Content-Length: 222

* upload completely sent off: 222 out of 222 bytes
< HTTP/1.1 500 
< Content-Type: text/plain
< Transfer-Encoding: chunked
< Date: Wed, 08 Nov 2017 06:45:24 GMT
< Connection: close
< 
* Closing connection 0
# Unsuccessful cURL request to 
http://localhost:8080/geoserver/rest/workspaces/Canola/coveragestores?configure=all [500]
:Store 'Rain1510123499' already exists in workspace 'Canola'
-----------------------------------------------------------------------------------
TimeZone: America/New_York
2017-11-08 01:45:24
* Hostname localhost was found in DNS cache
*   Trying 127.0.0.1...
* Connected to localhost (127.0.0.1) port 8080 (#0)
* Server auth using Basic with user 'admin'
> POST /geoserver/rest/workspaces/Canola/coveragestores/Rain1510123499/coverages HTTP/1.1
Host: localhost:8080
Authorization: Basic YWRtaW46Z2Vvc2VydmVy
Accept: */*
Content-type: application/xml
Content-Length: 117

* upload completely sent off: 117 out of 117 bytes
< HTTP/1.1 500 
< Content-Type: text/plain
< Transfer-Encoding: chunked
< Date: Wed, 08 Nov 2017 06:45:24 GMT
< Connection: close
< 
* Closing connection 0
# Unsuccessful cURL request to 
http://localhost:8080/geoserver/rest/workspaces/Canola/coveragestores/Rain1510123499/coverages [500]
:Resource named 'Rain1510123499' already exists in store: 'Rain1510123499'
-----------------------------------------------------------------------------------
* Hostname localhost was found in DNS cache
*   Trying 127.0.0.1...
* Connected to localhost (127.0.0.1) port 8080 (#0)
* Server auth using Basic with user 'admin'
> PUT /geoserver/rest/layers/Canola:Rain1510123499 HTTP/1.1
Host: localhost:8080
Authorization: Basic YWRtaW46Z2Vvc2VydmVy
Accept: */*
Content-type: application/xml
Content-Length: 87

* upload completely sent off: 87 out of 87 bytes
< HTTP/1.1 200 
< Date: Wed, 08 Nov 2017 06:45:24 GMT
< Server: Noelios-Restlet-Engine/1.0..8
< Transfer-Encoding: chunked
< 
* Connection #0 to host localhost left intact
# Successful cURL request to http://localhost:8080/geoserver/rest/layers/Canola:Rain1510123499

-----------------------------------------------------------------------------------
TimeZone: America/New_York
2017-11-08 01:45:28
* Hostname localhost was found in DNS cache
*   Trying 127.0.0.1...
* Connected to localhost (127.0.0.1) port 8080 (#0)
* Server auth using Basic with user 'admin'
> POST /geoserver/rest/workspaces/Canola/coveragestores?configure=all HTTP/1.1
Host: localhost:8080
Authorization: Basic YWRtaW46Z2Vvc2VydmVy
Accept: */*
Content-type: application/xml
Content-Length: 222

* upload completely sent off: 222 out of 222 bytes
< HTTP/1.1 500 
< Content-Type: text/plain
< Transfer-Encoding: chunked
< Date: Wed, 08 Nov 2017 06:45:27 GMT
< Connection: close
< 
* Closing connection 0
# Unsuccessful cURL request to 
http://localhost:8080/geoserver/rest/workspaces/Canola/coveragestores?configure=all [500]
:Store 'Rain1510123499' already exists in workspace 'Canola'
-----------------------------------------------------------------------------------
TimeZone: America/New_York
2017-11-08 01:45:28
* Hostname localhost was found in DNS cache
*   Trying 127.0.0.1...
* Connected to localhost (127.0.0.1) port 8080 (#0)
* Server auth using Basic with user 'admin'
> POST /geoserver/rest/workspaces/Canola/coveragestores/Rain1510123499/coverages HTTP/1.1
Host: localhost:8080
Authorization: Basic YWRtaW46Z2Vvc2VydmVy
Accept: */*
Content-type: application/xml
Content-Length: 117

* upload completely sent off: 117 out of 117 bytes
< HTTP/1.1 500 
< Content-Type: text/plain
< Transfer-Encoding: chunked
< Date: Wed, 08 Nov 2017 06:45:27 GMT
< Connection: close
< 
* Closing connection 0
# Unsuccessful cURL request to 
http://localhost:8080/geoserver/rest/workspaces/Canola/coveragestores/Rain1510123499/coverages [500]
:Resource named 'Rain1510123499' already exists in store: 'Rain1510123499'
-----------------------------------------------------------------------------------
* Hostname localhost was found in DNS cache
*   Trying 127.0.0.1...
* Connected to localhost (127.0.0.1) port 8080 (#0)
* Server auth using Basic with user 'admin'
> PUT /geoserver/rest/layers/Canola:Rain1510123499 HTTP/1.1
Host: localhost:8080
Authorization: Basic YWRtaW46Z2Vvc2VydmVy
Accept: */*
Content-type: application/xml
Content-Length: 87

* upload completely sent off: 87 out of 87 bytes
< HTTP/1.1 200 
< Date: Wed, 08 Nov 2017 06:45:28 GMT
< Server: Noelios-Restlet-Engine/1.0..8
< Transfer-Encoding: chunked
< 
* Connection #0 to host localhost left intact
# Successful cURL request to http://localhost:8080/geoserver/rest/layers/Canola:Rain1510123499

